
*** Running vivado
    with args -log toplevel.vds -m64 -mode batch -messageDb vivado.pb -notrace -source toplevel.tcl


****** Vivado v2016.2 (64-bit)
  **** SW Build 1577090 on Thu Jun  2 16:32:40 MDT 2016
  **** IP Build 1577682 on Fri Jun  3 12:00:54 MDT 2016
    ** Copyright 1986-2016 Xilinx, Inc. All Rights Reserved.

source toplevel.tcl -notrace
Command: synth_design -top toplevel -part xc7a35tcpg236-1
Starting synth_design
Attempting to get a license for feature 'Synthesis' and/or device 'xc7a35t'
INFO: [Common 17-349] Got license for feature 'Synthesis' and/or device 'xc7a35t'
INFO: Launching helper process for spawning children vivado processes
INFO: Helper process launched with PID 11192 
---------------------------------------------------------------------------------
Starting RTL Elaboration : Time (s): cpu = 00:00:04 ; elapsed = 00:00:05 . Memory (MB): peak = 273.723 ; gain = 67.281
---------------------------------------------------------------------------------
INFO: [Synth 8-638] synthesizing module 'toplevel' [C:/Users/karnr/Desktop/COCO/Studios_Labs/Studio7/Studio7.srcs/sources_1/new/toplevel.vhd:48]
INFO: [Synth 8-3491] module 'clock_divider' declared at 'C:/Users/karnr/Desktop/COCO/Studios_Labs/Studio7/Studio7.srcs/sources_1/new/clock_divider.vhd:35' bound to instance 'clk_div' of component 'clock_divider' [C:/Users/karnr/Desktop/COCO/Studios_Labs/Studio7/Studio7.srcs/sources_1/new/toplevel.vhd:106]
INFO: [Synth 8-638] synthesizing module 'clock_divider' [C:/Users/karnr/Desktop/COCO/Studios_Labs/Studio7/Studio7.srcs/sources_1/new/clock_divider.vhd:41]
INFO: [Synth 8-256] done synthesizing module 'clock_divider' (1#1) [C:/Users/karnr/Desktop/COCO/Studios_Labs/Studio7/Studio7.srcs/sources_1/new/clock_divider.vhd:41]
INFO: [Synth 8-3491] module 'counter_4bit' declared at 'C:/Users/karnr/Desktop/COCO/Studios_Labs/Studio7/Studio7.srcs/sources_1/new/counter_4bit.vhd:35' bound to instance 'cntr' of component 'counter_4bit' [C:/Users/karnr/Desktop/COCO/Studios_Labs/Studio7/Studio7.srcs/sources_1/new/toplevel.vhd:111]
INFO: [Synth 8-638] synthesizing module 'counter_4bit' [C:/Users/karnr/Desktop/COCO/Studios_Labs/Studio7/Studio7.srcs/sources_1/new/counter_4bit.vhd:44]
INFO: [Synth 8-256] done synthesizing module 'counter_4bit' (2#1) [C:/Users/karnr/Desktop/COCO/Studios_Labs/Studio7/Studio7.srcs/sources_1/new/counter_4bit.vhd:44]
INFO: [Synth 8-3491] module 'display_driver' declared at 'C:/Users/karnr/Desktop/COCO/Studios_Labs/Studio7/Studio7.srcs/sources_1/imports/Downloads/Display_driver.vhd:6' bound to instance 'disp1' of component 'Display_driver' [C:/Users/karnr/Desktop/COCO/Studios_Labs/Studio7/Studio7.srcs/sources_1/new/toplevel.vhd:120]
INFO: [Synth 8-638] synthesizing module 'display_driver' [C:/Users/karnr/Desktop/COCO/Studios_Labs/Studio7/Studio7.srcs/sources_1/imports/Downloads/Display_driver.vhd:11]
INFO: [Synth 8-256] done synthesizing module 'display_driver' (3#1) [C:/Users/karnr/Desktop/COCO/Studios_Labs/Studio7/Studio7.srcs/sources_1/imports/Downloads/Display_driver.vhd:11]
INFO: [Synth 8-3491] module 'display_driver_2' declared at 'C:/Users/karnr/Desktop/COCO/Studios_Labs/Studio7/Studio7.srcs/sources_1/new/Display_driver_2.vhd:6' bound to instance 'disp2' of component 'Display_driver_2' [C:/Users/karnr/Desktop/COCO/Studios_Labs/Studio7/Studio7.srcs/sources_1/new/toplevel.vhd:125]
INFO: [Synth 8-638] synthesizing module 'display_driver_2' [C:/Users/karnr/Desktop/COCO/Studios_Labs/Studio7/Studio7.srcs/sources_1/new/Display_driver_2.vhd:11]
INFO: [Synth 8-256] done synthesizing module 'display_driver_2' (4#1) [C:/Users/karnr/Desktop/COCO/Studios_Labs/Studio7/Studio7.srcs/sources_1/new/Display_driver_2.vhd:11]
INFO: [Synth 8-3491] module 'display_driver3' declared at 'C:/Users/karnr/Desktop/COCO/Studios_Labs/Studio7/Studio7.srcs/sources_1/new/Display_driver3.vhd:6' bound to instance 'disp3' of component 'Display_driver3' [C:/Users/karnr/Desktop/COCO/Studios_Labs/Studio7/Studio7.srcs/sources_1/new/toplevel.vhd:130]
INFO: [Synth 8-638] synthesizing module 'display_driver3' [C:/Users/karnr/Desktop/COCO/Studios_Labs/Studio7/Studio7.srcs/sources_1/new/Display_driver3.vhd:11]
INFO: [Synth 8-256] done synthesizing module 'display_driver3' (5#1) [C:/Users/karnr/Desktop/COCO/Studios_Labs/Studio7/Studio7.srcs/sources_1/new/Display_driver3.vhd:11]
INFO: [Synth 8-3491] module 'display_driver_4' declared at 'C:/Users/karnr/Desktop/COCO/Studios_Labs/Studio7/Studio7.srcs/sources_1/new/Display_driver_4.vhd:6' bound to instance 'disp4' of component 'Display_driver_4' [C:/Users/karnr/Desktop/COCO/Studios_Labs/Studio7/Studio7.srcs/sources_1/new/toplevel.vhd:135]
INFO: [Synth 8-638] synthesizing module 'display_driver_4' [C:/Users/karnr/Desktop/COCO/Studios_Labs/Studio7/Studio7.srcs/sources_1/new/Display_driver_4.vhd:11]
INFO: [Synth 8-256] done synthesizing module 'display_driver_4' (6#1) [C:/Users/karnr/Desktop/COCO/Studios_Labs/Studio7/Studio7.srcs/sources_1/new/Display_driver_4.vhd:11]
INFO: [Synth 8-3491] module 'LEDdisplay' declared at 'C:/Users/karnr/Downloads/LEDdisplay.vhd:67' bound to instance 'led_disp' of component 'LEDdisplay' [C:/Users/karnr/Desktop/COCO/Studios_Labs/Studio7/Studio7.srcs/sources_1/new/toplevel.vhd:140]
INFO: [Synth 8-638] synthesizing module 'LEDdisplay' [C:/Users/karnr/Downloads/LEDdisplay.vhd:75]
INFO: [Synth 8-3491] module 'Mux4by7' declared at 'C:/Users/karnr/Downloads/LEDdisplay.vhd:7' bound to instance 'dispMUX00' of component 'Mux4by7' [C:/Users/karnr/Downloads/LEDdisplay.vhd:99]
INFO: [Synth 8-638] synthesizing module 'Mux4by7' [C:/Users/karnr/Downloads/LEDdisplay.vhd:21]
INFO: [Synth 8-113] binding component instance 'dispMUX00' to cell 'MUXF5' [C:/Users/karnr/Downloads/LEDdisplay.vhd:26]
INFO: [Synth 8-113] binding component instance 'dispMUX01' to cell 'MUXF5' [C:/Users/karnr/Downloads/LEDdisplay.vhd:27]
INFO: [Synth 8-113] binding component instance 'dispMUX02' to cell 'MUXF6' [C:/Users/karnr/Downloads/LEDdisplay.vhd:28]
INFO: [Synth 8-113] binding component instance 'dispMUX10' to cell 'MUXF5' [C:/Users/karnr/Downloads/LEDdisplay.vhd:30]
INFO: [Synth 8-113] binding component instance 'dispMUX11' to cell 'MUXF5' [C:/Users/karnr/Downloads/LEDdisplay.vhd:31]
INFO: [Synth 8-113] binding component instance 'dispMUX12' to cell 'MUXF6' [C:/Users/karnr/Downloads/LEDdisplay.vhd:32]
INFO: [Synth 8-113] binding component instance 'dispMUX20' to cell 'MUXF5' [C:/Users/karnr/Downloads/LEDdisplay.vhd:34]
INFO: [Synth 8-113] binding component instance 'dispMUX21' to cell 'MUXF5' [C:/Users/karnr/Downloads/LEDdisplay.vhd:35]
INFO: [Synth 8-113] binding component instance 'dispMUX22' to cell 'MUXF6' [C:/Users/karnr/Downloads/LEDdisplay.vhd:36]
INFO: [Synth 8-113] binding component instance 'dispMUX30' to cell 'MUXF5' [C:/Users/karnr/Downloads/LEDdisplay.vhd:38]
INFO: [Synth 8-113] binding component instance 'dispMUX31' to cell 'MUXF5' [C:/Users/karnr/Downloads/LEDdisplay.vhd:39]
INFO: [Synth 8-113] binding component instance 'dispMUX32' to cell 'MUXF6' [C:/Users/karnr/Downloads/LEDdisplay.vhd:40]
INFO: [Synth 8-113] binding component instance 'dispMUX40' to cell 'MUXF5' [C:/Users/karnr/Downloads/LEDdisplay.vhd:42]
INFO: [Synth 8-113] binding component instance 'dispMUX41' to cell 'MUXF5' [C:/Users/karnr/Downloads/LEDdisplay.vhd:43]
INFO: [Synth 8-113] binding component instance 'dispMUX42' to cell 'MUXF6' [C:/Users/karnr/Downloads/LEDdisplay.vhd:44]
INFO: [Synth 8-113] binding component instance 'dispMUX50' to cell 'MUXF5' [C:/Users/karnr/Downloads/LEDdisplay.vhd:46]
INFO: [Synth 8-113] binding component instance 'dispMUX51' to cell 'MUXF5' [C:/Users/karnr/Downloads/LEDdisplay.vhd:47]
INFO: [Synth 8-113] binding component instance 'dispMUX52' to cell 'MUXF6' [C:/Users/karnr/Downloads/LEDdisplay.vhd:48]
INFO: [Synth 8-113] binding component instance 'dispMUX60' to cell 'MUXF5' [C:/Users/karnr/Downloads/LEDdisplay.vhd:50]
INFO: [Synth 8-113] binding component instance 'dispMUX61' to cell 'MUXF5' [C:/Users/karnr/Downloads/LEDdisplay.vhd:51]
INFO: [Synth 8-113] binding component instance 'dispMUX62' to cell 'MUXF6' [C:/Users/karnr/Downloads/LEDdisplay.vhd:52]
INFO: [Synth 8-256] done synthesizing module 'Mux4by7' (7#1) [C:/Users/karnr/Downloads/LEDdisplay.vhd:21]
INFO: [Synth 8-256] done synthesizing module 'LEDdisplay' (8#1) [C:/Users/karnr/Downloads/LEDdisplay.vhd:75]
INFO: [Synth 8-256] done synthesizing module 'toplevel' (9#1) [C:/Users/karnr/Desktop/COCO/Studios_Labs/Studio7/Studio7.srcs/sources_1/new/toplevel.vhd:48]
WARNING: [Synth 8-3331] design toplevel has unconnected port enable
WARNING: [Synth 8-3331] design toplevel has unconnected port init_value[3]
WARNING: [Synth 8-3331] design toplevel has unconnected port init_value[2]
WARNING: [Synth 8-3331] design toplevel has unconnected port init_value[1]
WARNING: [Synth 8-3331] design toplevel has unconnected port init_value[0]
---------------------------------------------------------------------------------
Finished RTL Elaboration : Time (s): cpu = 00:00:04 ; elapsed = 00:00:06 . Memory (MB): peak = 311.199 ; gain = 104.758
---------------------------------------------------------------------------------

Report Check Netlist: 
+------+------------------+-------+---------+-------+------------------+
|      |Item              |Errors |Warnings |Status |Description       |
+------+------------------+-------+---------+-------+------------------+
|1     |multi_driven_nets |      0|        0|Passed |Multi driven nets |
+------+------------------+-------+---------+-------+------------------+
---------------------------------------------------------------------------------
Finished RTL Optimization Phase 1 : Time (s): cpu = 00:00:04 ; elapsed = 00:00:06 . Memory (MB): peak = 311.199 ; gain = 104.758
---------------------------------------------------------------------------------
INFO: [Netlist 29-17] Analyzing 21 Unisim elements for replacement
INFO: [Netlist 29-28] Unisim Transformation completed in 0 CPU seconds
INFO: [Device 21-403] Loading part xc7a35tcpg236-1
INFO: [Project 1-570] Preparing netlist for logic optimization

Processing XDC Constraints
Initializing timing engine
Parsing XDC File [C:/Users/karnr/Desktop/COCO/Studios_Labs/Studio7/Studio7.srcs/constrs_1/new/studio7.xdc]
Finished Parsing XDC File [C:/Users/karnr/Desktop/COCO/Studios_Labs/Studio7/Studio7.srcs/constrs_1/new/studio7.xdc]
INFO: [Project 1-236] Implementation specific constraints were found while reading constraint file [C:/Users/karnr/Desktop/COCO/Studios_Labs/Studio7/Studio7.srcs/constrs_1/new/studio7.xdc]. These constraints will be ignored for synthesis but will be used in implementation. Impacted constraints are listed in the file [.Xil/toplevel_propImpl.xdc].
Resolution: To avoid this warning, move constraints listed in [.Xil/toplevel_propImpl.xdc] to another XDC file and exclude this new file from synthesis with the used_in_synthesis property (File Properties dialog in GUI) and re-run elaboration/synthesis.
Completed Processing XDC Constraints

INFO: [Project 1-111] Unisim Transformation Summary:
  A total of 21 instances were transformed.
  MUXF5 => LUT3: 14 instances
  MUXF6 => LUT3: 7 instances

Constraint Validation Runtime : Time (s): cpu = 00:00:00 ; elapsed = 00:00:00.006 . Memory (MB): peak = 597.246 ; gain = 0.000
---------------------------------------------------------------------------------
Finished Constraint Validation : Time (s): cpu = 00:00:11 ; elapsed = 00:00:13 . Memory (MB): peak = 597.246 ; gain = 390.805
---------------------------------------------------------------------------------
---------------------------------------------------------------------------------
Start Loading Part and Timing Information
---------------------------------------------------------------------------------
Loading part: xc7a35tcpg236-1
---------------------------------------------------------------------------------
Finished Loading Part and Timing Information : Time (s): cpu = 00:00:11 ; elapsed = 00:00:13 . Memory (MB): peak = 597.246 ; gain = 390.805
---------------------------------------------------------------------------------
---------------------------------------------------------------------------------
Start Applying 'set_property' XDC Constraints
---------------------------------------------------------------------------------
---------------------------------------------------------------------------------
Finished applying 'set_property' XDC Constraints : Time (s): cpu = 00:00:11 ; elapsed = 00:00:13 . Memory (MB): peak = 597.246 ; gain = 390.805
---------------------------------------------------------------------------------
INFO: [Synth 8-802] inferred FSM for state register 'cur_state_reg' in module 'LEDdisplay'
WARNING: [Synth 8-327] inferring latch for variable 'anodes_reg' [C:/Users/karnr/Downloads/LEDdisplay.vhd:111]
---------------------------------------------------------------------------------------------------
                   State |                     New Encoding |                Previous Encoding 
---------------------------------------------------------------------------------------------------
                  iSTATE |                               00 |                               00
                 iSTATE0 |                               01 |                               01
                 iSTATE1 |                               10 |                               10
                 iSTATE2 |                               11 |                               11
*
---------------------------------------------------------------------------------------------------
INFO: [Synth 8-3354] encoded FSM with state register 'cur_state_reg' using encoding 'sequential' in module 'LEDdisplay'
WARNING: [Synth 8-327] inferring latch for variable 'control_reg' [C:/Users/karnr/Downloads/LEDdisplay.vhd:99]
---------------------------------------------------------------------------------
Finished RTL Optimization Phase 2 : Time (s): cpu = 00:00:11 ; elapsed = 00:00:13 . Memory (MB): peak = 597.246 ; gain = 390.805
---------------------------------------------------------------------------------

Report RTL Partitions: 
+-+--------------+------------+----------+
| |RTL Partition |Replication |Instances |
+-+--------------+------------+----------+
+-+--------------+------------+----------+
---------------------------------------------------------------------------------
Start RTL Component Statistics 
---------------------------------------------------------------------------------
Detailed RTL Component Info : 
+---Adders : 
	   2 Input      4 Bit       Adders := 1     
+---Registers : 
	                4 Bit    Registers := 1     
+---Muxes : 
	  16 Input      7 Bit        Muxes := 4     
	   2 Input      4 Bit        Muxes := 1     
	   4 Input      4 Bit        Muxes := 1     
	   4 Input      2 Bit        Muxes := 1     
	   2 Input      1 Bit        Muxes := 1     
---------------------------------------------------------------------------------
Finished RTL Component Statistics 
---------------------------------------------------------------------------------
---------------------------------------------------------------------------------
Start RTL Hierarchical Component Statistics 
---------------------------------------------------------------------------------
Hierarchical RTL Component report 
Module counter_4bit 
Detailed RTL Component Info : 
+---Adders : 
	   2 Input      4 Bit       Adders := 1     
+---Registers : 
	                4 Bit    Registers := 1     
+---Muxes : 
	   2 Input      4 Bit        Muxes := 1     
	   2 Input      1 Bit        Muxes := 1     
Module display_driver 
Detailed RTL Component Info : 
+---Muxes : 
	  16 Input      7 Bit        Muxes := 1     
Module display_driver_2 
Detailed RTL Component Info : 
+---Muxes : 
	  16 Input      7 Bit        Muxes := 1     
Module display_driver3 
Detailed RTL Component Info : 
+---Muxes : 
	  16 Input      7 Bit        Muxes := 1     
Module display_driver_4 
Detailed RTL Component Info : 
+---Muxes : 
	  16 Input      7 Bit        Muxes := 1     
Module LEDdisplay 
Detailed RTL Component Info : 
+---Muxes : 
	   4 Input      4 Bit        Muxes := 1     
	   4 Input      2 Bit        Muxes := 1     
---------------------------------------------------------------------------------
Finished RTL Hierarchical Component Statistics
---------------------------------------------------------------------------------
---------------------------------------------------------------------------------
Start Part Resource Summary
---------------------------------------------------------------------------------
Part Resources:
DSPs: 90 (col length:60)
BRAMs: 100 (col length: RAMB18 60 RAMB36 30)
---------------------------------------------------------------------------------
Finished Part Resource Summary
---------------------------------------------------------------------------------
Start Parallel Synthesis Optimization  : Time (s): cpu = 00:00:11 ; elapsed = 00:00:13 . Memory (MB): peak = 597.246 ; gain = 390.805
---------------------------------------------------------------------------------
Start Cross Boundary Optimization
---------------------------------------------------------------------------------
WARNING: [Synth 8-3331] design toplevel has unconnected port enable
WARNING: [Synth 8-3331] design toplevel has unconnected port init_value[3]
WARNING: [Synth 8-3331] design toplevel has unconnected port init_value[2]
WARNING: [Synth 8-3331] design toplevel has unconnected port init_value[1]
WARNING: [Synth 8-3331] design toplevel has unconnected port init_value[0]
---------------------------------------------------------------------------------
Finished Cross Boundary Optimization : Time (s): cpu = 00:00:11 ; elapsed = 00:00:13 . Memory (MB): peak = 597.246 ; gain = 390.805
---------------------------------------------------------------------------------
Finished Parallel Reinference  : Time (s): cpu = 00:00:11 ; elapsed = 00:00:13 . Memory (MB): peak = 597.246 ; gain = 390.805

Report RTL Partitions: 
+-+--------------+------------+----------+
| |RTL Partition |Replication |Instances |
+-+--------------+------------+----------+
+-+--------------+------------+----------+
---------------------------------------------------------------------------------
Start Area Optimization
---------------------------------------------------------------------------------
WARNING: [Synth 8-3332] Sequential element (led_disp/anodes_reg[3]) is unused and will be removed from module toplevel.
WARNING: [Synth 8-3332] Sequential element (led_disp/anodes_reg[2]) is unused and will be removed from module toplevel.
WARNING: [Synth 8-3332] Sequential element (led_disp/anodes_reg[1]) is unused and will be removed from module toplevel.
WARNING: [Synth 8-3332] Sequential element (led_disp/anodes_reg[0]) is unused and will be removed from module toplevel.
WARNING: [Synth 8-3332] Sequential element (led_disp/control_reg[1]) is unused and will be removed from module toplevel.
WARNING: [Synth 8-3332] Sequential element (led_disp/control_reg[0]) is unused and will be removed from module toplevel.
WARNING: [Synth 8-3332] Sequential element (clk_div/count_reg[25]) is unused and will be removed from module toplevel.
WARNING: [Synth 8-3332] Sequential element (led_disp/Counter_Signal_reg[15]) is unused and will be removed from module toplevel.
---------------------------------------------------------------------------------
Finished Area Optimization : Time (s): cpu = 00:00:11 ; elapsed = 00:00:13 . Memory (MB): peak = 597.246 ; gain = 390.805
---------------------------------------------------------------------------------
Finished Parallel Area Optimization  : Time (s): cpu = 00:00:11 ; elapsed = 00:00:13 . Memory (MB): peak = 597.246 ; gain = 390.805

Report RTL Partitions: 
+-+--------------+------------+----------+
| |RTL Partition |Replication |Instances |
+-+--------------+------------+----------+
+-+--------------+------------+----------+
---------------------------------------------------------------------------------
Start Timing Optimization
---------------------------------------------------------------------------------
---------------------------------------------------------------------------------
Start Applying XDC Timing Constraints
---------------------------------------------------------------------------------
---------------------------------------------------------------------------------
Finished Applying XDC Timing Constraints : Time (s): cpu = 00:00:18 ; elapsed = 00:00:20 . Memory (MB): peak = 597.246 ; gain = 390.805
---------------------------------------------------------------------------------
---------------------------------------------------------------------------------
Finished Timing Optimization : Time (s): cpu = 00:00:18 ; elapsed = 00:00:20 . Memory (MB): peak = 597.246 ; gain = 390.805
---------------------------------------------------------------------------------

Report RTL Partitions: 
+-+--------------+------------+----------+
| |RTL Partition |Replication |Instances |
+-+--------------+------------+----------+
+-+--------------+------------+----------+
---------------------------------------------------------------------------------
Start Technology Mapping
---------------------------------------------------------------------------------
---------------------------------------------------------------------------------
Finished Technology Mapping : Time (s): cpu = 00:00:18 ; elapsed = 00:00:20 . Memory (MB): peak = 597.246 ; gain = 390.805
---------------------------------------------------------------------------------
Finished Parallel Technology Mapping Optimization  : Time (s): cpu = 00:00:18 ; elapsed = 00:00:20 . Memory (MB): peak = 597.246 ; gain = 390.805

Report RTL Partitions: 
+-+--------------+------------+----------+
| |RTL Partition |Replication |Instances |
+-+--------------+------------+----------+
+-+--------------+------------+----------+
Finished Parallel Synthesis Optimization  : Time (s): cpu = 00:00:18 ; elapsed = 00:00:20 . Memory (MB): peak = 597.246 ; gain = 390.805
---------------------------------------------------------------------------------
Start IO Insertion
---------------------------------------------------------------------------------
---------------------------------------------------------------------------------
Start Flattening Before IO Insertion
---------------------------------------------------------------------------------
---------------------------------------------------------------------------------
Finished Flattening Before IO Insertion
---------------------------------------------------------------------------------
---------------------------------------------------------------------------------
Start Final Netlist Cleanup
---------------------------------------------------------------------------------
---------------------------------------------------------------------------------
Finished Final Netlist Cleanup
---------------------------------------------------------------------------------
---------------------------------------------------------------------------------
Finished IO Insertion : Time (s): cpu = 00:00:19 ; elapsed = 00:00:21 . Memory (MB): peak = 597.246 ; gain = 390.805
---------------------------------------------------------------------------------

Report Check Netlist: 
+------+------------------+-------+---------+-------+------------------+
|      |Item              |Errors |Warnings |Status |Description       |
+------+------------------+-------+---------+-------+------------------+
|1     |multi_driven_nets |      0|        0|Passed |Multi driven nets |
+------+------------------+-------+---------+-------+------------------+
---------------------------------------------------------------------------------
Start Renaming Generated Instances
---------------------------------------------------------------------------------
---------------------------------------------------------------------------------
Finished Renaming Generated Instances : Time (s): cpu = 00:00:19 ; elapsed = 00:00:21 . Memory (MB): peak = 597.246 ; gain = 390.805
---------------------------------------------------------------------------------

Report RTL Partitions: 
+-+--------------+------------+----------+
| |RTL Partition |Replication |Instances |
+-+--------------+------------+----------+
+-+--------------+------------+----------+
---------------------------------------------------------------------------------
Start Rebuilding User Hierarchy
---------------------------------------------------------------------------------
---------------------------------------------------------------------------------
Finished Rebuilding User Hierarchy : Time (s): cpu = 00:00:19 ; elapsed = 00:00:21 . Memory (MB): peak = 597.246 ; gain = 390.805
---------------------------------------------------------------------------------
---------------------------------------------------------------------------------
Start Renaming Generated Ports
---------------------------------------------------------------------------------
---------------------------------------------------------------------------------
Finished Renaming Generated Ports : Time (s): cpu = 00:00:19 ; elapsed = 00:00:21 . Memory (MB): peak = 597.246 ; gain = 390.805
---------------------------------------------------------------------------------
---------------------------------------------------------------------------------
Start Handling Custom Attributes
---------------------------------------------------------------------------------
---------------------------------------------------------------------------------
Finished Handling Custom Attributes : Time (s): cpu = 00:00:19 ; elapsed = 00:00:21 . Memory (MB): peak = 597.246 ; gain = 390.805
---------------------------------------------------------------------------------
---------------------------------------------------------------------------------
Start Renaming Generated Nets
---------------------------------------------------------------------------------
---------------------------------------------------------------------------------
Finished Renaming Generated Nets : Time (s): cpu = 00:00:19 ; elapsed = 00:00:21 . Memory (MB): peak = 597.246 ; gain = 390.805
---------------------------------------------------------------------------------
---------------------------------------------------------------------------------
Start Writing Synthesis Report
---------------------------------------------------------------------------------

Report BlackBoxes: 
+-+--------------+----------+
| |BlackBox name |Instances |
+-+--------------+----------+
+-+--------------+----------+

Report Cell Usage: 
+------+-------+------+
|      |Cell   |Count |
+------+-------+------+
|1     |BUFG   |     1|
|2     |CARRY4 |    11|
|3     |LUT1   |    42|
|4     |LUT2   |     6|
|5     |LUT3   |     1|
|6     |LUT4   |    29|
|7     |LUT5   |     1|
|8     |MUXF5  |    14|
|9     |MUXF6  |     7|
|10    |FDCE   |     4|
|11    |FDRE   |    42|
|12    |IBUF   |     3|
|13    |OBUF   |    11|
+------+-------+------+

Report Instance Areas: 
+------+--------------+-----------------+------+
|      |Instance      |Module           |Cells |
+------+--------------+-----------------+------+
|1     |top           |                 |   172|
|2     |  clk_div     |clock_divider    |    57|
|3     |  cntr        |counter_4bit     |    11|
|4     |  disp1       |display_driver   |     7|
|5     |  disp2       |display_driver_2 |     6|
|6     |  disp3       |display_driver3  |     6|
|7     |  disp4       |display_driver_4 |     7|
|8     |  led_disp    |LEDdisplay       |    63|
|9     |    dispMUX00 |Mux4by7          |    21|
+------+--------------+-----------------+------+
---------------------------------------------------------------------------------
Finished Writing Synthesis Report : Time (s): cpu = 00:00:19 ; elapsed = 00:00:21 . Memory (MB): peak = 597.246 ; gain = 390.805
---------------------------------------------------------------------------------
Synthesis finished with 0 errors, 0 critical warnings and 15 warnings.
Synthesis Optimization Runtime : Time (s): cpu = 00:00:11 ; elapsed = 00:00:15 . Memory (MB): peak = 597.246 ; gain = 104.758
Synthesis Optimization Complete : Time (s): cpu = 00:00:19 ; elapsed = 00:00:21 . Memory (MB): peak = 597.246 ; gain = 390.805
INFO: [Project 1-571] Translating synthesized netlist
INFO: [Netlist 29-17] Analyzing 35 Unisim elements for replacement
INFO: [Netlist 29-28] Unisim Transformation completed in 0 CPU seconds
INFO: [Project 1-570] Preparing netlist for logic optimization
INFO: [Opt 31-138] Pushed 0 inverter(s) to 0 load pin(s).
INFO: [Project 1-111] Unisim Transformation Summary:
  A total of 21 instances were transformed.
  MUXF5 => LUT3: 14 instances
  MUXF6 => LUT3: 7 instances

INFO: [Common 17-83] Releasing license: Synthesis
63 Infos, 20 Warnings, 0 Critical Warnings and 0 Errors encountered.
synth_design completed successfully
synth_design: Time (s): cpu = 00:00:18 ; elapsed = 00:00:19 . Memory (MB): peak = 597.246 ; gain = 390.805
report_utilization: Time (s): cpu = 00:00:00 ; elapsed = 00:00:00.017 . Memory (MB): peak = 597.246 ; gain = 0.000
INFO: [Common 17-206] Exiting Vivado at Tue Dec 01 20:15:24 2020...
